<?xml version="1.0" encoding="UTF-8"?>
<!-- Generated by org.testng.reporters.JUnitReportReporter -->
<testsuite skipped="0" hostname="doug-PC" name="com.learnautomation.testcases.LoginTestCRM" tests="1" failures="0" timestamp="22 Jul 2021 17:26:25 GMT" time="19.512" errors="0">
  <testcase name="loginApp" time="19.512" classname="com.learnautomation.testcases.LoginTestCRM"/>
</testsuite> <!-- com.learnautomation.testcases.LoginTestCRM -->
