<?xml version="1.0" encoding="UTF-8"?>
<!-- Generated by org.testng.reporters.JUnitReportReporter -->
<testsuite skipped="0" hostname="doug-PC" name="com.learnautomation.testcases.LognTestCRM" tests="1" failures="0" timestamp="01 Jul 2021 21:32:52 GMT" time="7.269" errors="0">
  <testcase name="loginApp" time="7.269" classname="com.learnautomation.testcases.LognTestCRM"/>
</testsuite> <!-- com.learnautomation.testcases.LognTestCRM -->
